<?xml version="1.0" encoding="UTF-8"?>
<!-- Generated by org.testng.reporters.JUnitXMLReporter -->
<testsuite hostname="DESKTOP-KTC6KAA" ignored="0" name="GoogleTest" tests="1" failures="1" timestamp="29 Aug 2020 10:35:01 GMT" time="0.139" errors="0">
  <testcase name="loginTest" time="0.089" classname="com.herokuapp.theinternet.HerokuAppAssert">
    <failure type="java.lang.IllegalStateException" message="The driver executable is a directory: D:\maven\selenium-for-begin\src\main\resources">
      <![CDATA[java.lang.IllegalStateException: The driver executable is a directory: D:\maven\selenium-for-begin\src\main\resources
at com.google.common.base.Preconditions.checkState(Preconditions.java:585)
at org.openqa.selenium.remote.service.DriverService.checkExecutable(DriverService.java:148)
at org.openqa.selenium.remote.service.DriverService.findExecutable(DriverService.java:141)
at org.openqa.selenium.chrome.ChromeDriverService.access$000(ChromeDriverService.java:35)
at org.openqa.selenium.chrome.ChromeDriverService$Builder.findDefaultExecutable(ChromeDriverService.java:159)
at org.openqa.selenium.remote.service.DriverService$Builder.build(DriverService.java:355)
at org.openqa.selenium.chrome.ChromeDriverService.createDefaultService(ChromeDriverService.java:94)
at org.openqa.selenium.chrome.ChromeDriver.<init>(ChromeDriver.java:123)
at com.herokuapp.theinternet.HerokuAppAssert.loginTest(HerokuAppAssert.java:17)
... Removed 25 stack frames]]>
    </failure>
  </testcase> <!-- loginTest -->
</testsuite> <!-- GoogleTest -->
